
The following have been reloaded with a version change:
  1) cudatoolkit/11.7 => cudatoolkit/11.5

logRMM_1mapyproj_20deg_1mode_dailyinput_mem1d_lead1
Submitted batch job 8349801
logRMM_1mapyproj_20deg_1mode_dailyinput_mem1d_lead5
Submitted batch job 8349802
logRMM_1mapyproj_20deg_1mode_dailyinput_mem1d_lead10
Submitted batch job 8349803
logRMM_1mapyproj_20deg_1mode_dailyinput_mem1d_lead13
Submitted batch job 8349804
logRMM_1mapyproj_20deg_1mode_dailyinput_mem1d_lead15
Submitted batch job 8349805
logRMM_1mapyproj_20deg_1mode_dailyinput_mem1d_lead20
Submitted batch job 8349806
logRMM_1mapyproj_20deg_1mode_dailyinput_mem1d_lead25
Submitted batch job 8349807
logRMM_1mapyproj_20deg_1mode_dailyinput_mem1d_lead30
Submitted batch job 8349808
logRMM_1mapyproj_20deg_1mode_dailyinput_mem30d_lead1
Submitted batch job 8349809
logRMM_1mapyproj_20deg_1mode_dailyinput_mem30d_lead5
Submitted batch job 8349811
logRMM_1mapyproj_20deg_1mode_dailyinput_mem30d_lead10
Submitted batch job 8349813
logRMM_1mapyproj_20deg_1mode_dailyinput_mem30d_lead13
Submitted batch job 8349815
logRMM_1mapyproj_20deg_1mode_dailyinput_mem30d_lead15
Submitted batch job 8349817
logRMM_1mapyproj_20deg_1mode_dailyinput_mem30d_lead20
Submitted batch job 8349818
logRMM_1mapyproj_20deg_1mode_dailyinput_mem30d_lead25
Submitted batch job 8349819
logRMM_1mapyproj_20deg_1mode_dailyinput_mem30d_lead30
Submitted batch job 8349820
logRMM_1mapyproj_20deg_2mode_dailyinput_mem1d_lead1
Submitted batch job 8349821
logRMM_1mapyproj_20deg_2mode_dailyinput_mem1d_lead5
Submitted batch job 8349822
logRMM_1mapyproj_20deg_2mode_dailyinput_mem1d_lead10
Submitted batch job 8349823
logRMM_1mapyproj_20deg_2mode_dailyinput_mem1d_lead13
Submitted batch job 8349824
logRMM_1mapyproj_20deg_2mode_dailyinput_mem1d_lead15
Submitted batch job 8349825
logRMM_1mapyproj_20deg_2mode_dailyinput_mem1d_lead20
Submitted batch job 8349826
logRMM_1mapyproj_20deg_2mode_dailyinput_mem1d_lead25
Submitted batch job 8349828
logRMM_1mapyproj_20deg_2mode_dailyinput_mem1d_lead30
Submitted batch job 8349829
logRMM_1mapyproj_20deg_2mode_dailyinput_mem30d_lead1
Submitted batch job 8349830
logRMM_1mapyproj_20deg_2mode_dailyinput_mem30d_lead5
Submitted batch job 8349831
logRMM_1mapyproj_20deg_2mode_dailyinput_mem30d_lead10
Submitted batch job 8349832
logRMM_1mapyproj_20deg_2mode_dailyinput_mem30d_lead13
Submitted batch job 8349833
logRMM_1mapyproj_20deg_2mode_dailyinput_mem30d_lead15
Submitted batch job 8349834
logRMM_1mapyproj_20deg_2mode_dailyinput_mem30d_lead20
Submitted batch job 8349835
logRMM_1mapyproj_20deg_2mode_dailyinput_mem30d_lead25
Submitted batch job 8349836
logRMM_1mapyproj_20deg_2mode_dailyinput_mem30d_lead30
Submitted batch job 8349837
logRMM_1mapyproj_20deg_3mode_dailyinput_mem1d_lead1
Submitted batch job 8349838
logRMM_1mapyproj_20deg_3mode_dailyinput_mem1d_lead5
Submitted batch job 8349839
logRMM_1mapyproj_20deg_3mode_dailyinput_mem1d_lead10
Submitted batch job 8349840
logRMM_1mapyproj_20deg_3mode_dailyinput_mem1d_lead13
Submitted batch job 8349841
logRMM_1mapyproj_20deg_3mode_dailyinput_mem1d_lead15
slurmstepd: error: *** JOB 8349704 ON nid001004 CANCELLED AT 2023-05-01T05:49:06 DUE TO TIME LIMIT ***
Submitted batch job 8349842
