
The following have been reloaded with a version change:
  1) cudatoolkit/11.7 => cudatoolkit/11.5

logRMM_1mapyproj_20deg_2mode_dailyinput_mem1d_lead1
Submitted batch job 8432529
logRMM_1mapyproj_20deg_2mode_dailyinput_mem1d_lead5
Submitted batch job 8432530
logRMM_1mapyproj_20deg_2mode_dailyinput_mem1d_lead10
Submitted batch job 8432531
logRMM_1mapyproj_20deg_2mode_dailyinput_mem1d_lead13
Submitted batch job 8432532
logRMM_1mapyproj_20deg_2mode_dailyinput_mem1d_lead15
Submitted batch job 8432533
logRMM_1mapyproj_20deg_2mode_dailyinput_mem1d_lead20
Submitted batch job 8432534
logRMM_1mapyproj_20deg_2mode_dailyinput_mem1d_lead25
Submitted batch job 8432535
logRMM_1mapyproj_20deg_2mode_dailyinput_mem1d_lead30
Submitted batch job 8432536
logRMM_1mapyproj_20deg_2mode_dailyinput_mem30d_lead1
Submitted batch job 8432537
logRMM_1mapyproj_20deg_2mode_dailyinput_mem30d_lead5
Submitted batch job 8432538
logRMM_1mapyproj_20deg_2mode_dailyinput_mem30d_lead10
Submitted batch job 8432539
logRMM_1mapyproj_20deg_2mode_dailyinput_mem30d_lead13
Submitted batch job 8432541
logRMM_1mapyproj_20deg_2mode_dailyinput_mem30d_lead15
Submitted batch job 8432544
logRMM_1mapyproj_20deg_2mode_dailyinput_mem30d_lead20
Submitted batch job 8432546
logRMM_1mapyproj_20deg_2mode_dailyinput_mem30d_lead25
Submitted batch job 8432549
logRMM_1mapyproj_20deg_2mode_dailyinput_mem30d_lead30
Submitted batch job 8432551
logRMM_1mapyproj_20deg_3mode_dailyinput_mem1d_lead1
Submitted batch job 8432554
logRMM_1mapyproj_20deg_3mode_dailyinput_mem1d_lead5
Submitted batch job 8432556
logRMM_1mapyproj_20deg_3mode_dailyinput_mem1d_lead10
Submitted batch job 8432558
logRMM_1mapyproj_20deg_3mode_dailyinput_mem1d_lead13
Submitted batch job 8432560
logRMM_1mapyproj_20deg_3mode_dailyinput_mem1d_lead15
Submitted batch job 8432562
logRMM_1mapyproj_20deg_3mode_dailyinput_mem1d_lead20
Submitted batch job 8432564
logRMM_1mapyproj_20deg_3mode_dailyinput_mem1d_lead25
Submitted batch job 8432567
logRMM_1mapyproj_20deg_3mode_dailyinput_mem1d_lead30
Submitted batch job 8432569
logRMM_1mapyproj_20deg_3mode_dailyinput_mem30d_lead1
Submitted batch job 8432571
logRMM_1mapyproj_20deg_3mode_dailyinput_mem30d_lead5
Submitted batch job 8432578
logRMM_1mapyproj_20deg_3mode_dailyinput_mem30d_lead10
Submitted batch job 8432582
logRMM_1mapyproj_20deg_3mode_dailyinput_mem30d_lead13
Submitted batch job 8432587
logRMM_1mapyproj_20deg_3mode_dailyinput_mem30d_lead15
Submitted batch job 8432589
logRMM_1mapyproj_20deg_3mode_dailyinput_mem30d_lead20
Submitted batch job 8432593
logRMM_1mapyproj_20deg_3mode_dailyinput_mem30d_lead25
Submitted batch job 8432595
logRMM_1mapyproj_20deg_3mode_dailyinput_mem30d_lead30
Submitted batch job 8432600
logRMM_1mapyproj_20deg_4mode_dailyinput_mem1d_lead1
Submitted batch job 8432603
logRMM_1mapyproj_20deg_4mode_dailyinput_mem1d_lead5
Submitted batch job 8432605
logRMM_1mapyproj_20deg_4mode_dailyinput_mem1d_lead10
Submitted batch job 8432606
logRMM_1mapyproj_20deg_4mode_dailyinput_mem1d_lead13
Submitted batch job 8432607
logRMM_1mapyproj_20deg_4mode_dailyinput_mem1d_lead15
Submitted batch job 8432609
logRMM_1mapyproj_20deg_4mode_dailyinput_mem1d_lead20
Submitted batch job 8432611
logRMM_1mapyproj_20deg_4mode_dailyinput_mem1d_lead25
Submitted batch job 8432613
logRMM_1mapyproj_20deg_4mode_dailyinput_mem1d_lead30
Submitted batch job 8432615
logRMM_1mapyproj_20deg_4mode_dailyinput_mem30d_lead1
Submitted batch job 8432617
logRMM_1mapyproj_20deg_4mode_dailyinput_mem30d_lead5
Submitted batch job 8432619
logRMM_1mapyproj_20deg_4mode_dailyinput_mem30d_lead10
Submitted batch job 8432621
logRMM_1mapyproj_20deg_4mode_dailyinput_mem30d_lead13
slurmstepd: error: *** JOB 8432372 ON nid001396 CANCELLED AT 2023-05-04T04:28:14 DUE TO TIME LIMIT ***
