
The following have been reloaded with a version change:
  1) cudatoolkit/11.7 => cudatoolkit/11.5

logRMM_MCDO_7mapstrop_dailyinput_mem30d_lead1
sbatch: error: QOSMaxWallDurationPerJobLimit
sbatch: error: Batch job submission failed: Job violates accounting/QOS policy (job submit limit, user's size and/or time limits)
logRMM_MCDO_7mapstrop_dailyinput_mem30d_lead5
sbatch: error: QOSMaxWallDurationPerJobLimit
sbatch: error: Batch job submission failed: Job violates accounting/QOS policy (job submit limit, user's size and/or time limits)
logRMM_MCDO_7mapstrop_dailyinput_mem30d_lead10
sbatch: error: QOSMaxWallDurationPerJobLimit
sbatch: error: Batch job submission failed: Job violates accounting/QOS policy (job submit limit, user's size and/or time limits)
logRMM_MCDO_7mapstrop_dailyinput_mem30d_lead13
sbatch: error: QOSMaxWallDurationPerJobLimit
sbatch: error: Batch job submission failed: Job violates accounting/QOS policy (job submit limit, user's size and/or time limits)
logRMM_MCDO_7mapstrop_dailyinput_mem30d_lead15
sbatch: error: QOSMaxWallDurationPerJobLimit
sbatch: error: Batch job submission failed: Job violates accounting/QOS policy (job submit limit, user's size and/or time limits)
logRMM_MCDO_7mapstrop_dailyinput_mem30d_lead20
sbatch: error: QOSMaxWallDurationPerJobLimit
sbatch: error: Batch job submission failed: Job violates accounting/QOS policy (job submit limit, user's size and/or time limits)
logRMM_MCDO_7mapstrop_dailyinput_mem30d_lead25
sbatch: error: QOSMaxWallDurationPerJobLimit
sbatch: error: Batch job submission failed: Job violates accounting/QOS policy (job submit limit, user's size and/or time limits)
logRMM_MCDO_7mapstrop_dailyinput_mem30d_lead30
sbatch: error: QOSMaxWallDurationPerJobLimit
sbatch: error: Batch job submission failed: Job violates accounting/QOS policy (job submit limit, user's size and/or time limits)
