
The following have been reloaded with a version change:
  1) cudatoolkit/11.7 => cudatoolkit/11.5

logRMM_olryproj_20deg_m2_1pls_dailyinput_mem1d_lead1
Submitted batch job 8529306
logRMM_olryproj_20deg_m2_1pls_dailyinput_mem1d_lead5
Submitted batch job 8529307
logRMM_olryproj_20deg_m2_1pls_dailyinput_mem1d_lead10
Submitted batch job 8529308
logRMM_olryproj_20deg_m2_1pls_dailyinput_mem1d_lead13
Submitted batch job 8529310
logRMM_olryproj_20deg_m2_1pls_dailyinput_mem1d_lead15
Submitted batch job 8529311
logRMM_olryproj_20deg_m2_1pls_dailyinput_mem1d_lead20
Submitted batch job 8529312
logRMM_olryproj_20deg_m2_1pls_dailyinput_mem1d_lead25
Submitted batch job 8529313
logRMM_olryproj_20deg_m2_1pls_dailyinput_mem1d_lead30
Submitted batch job 8529314
logRMM_olryproj_20deg_m2_1pls_dailyinput_mem30d_lead1
Submitted batch job 8529315
logRMM_olryproj_20deg_m2_1pls_dailyinput_mem30d_lead5
Submitted batch job 8529317
logRMM_olryproj_20deg_m2_1pls_dailyinput_mem30d_lead10
Submitted batch job 8529318
logRMM_olryproj_20deg_m2_1pls_dailyinput_mem30d_lead13
Submitted batch job 8529319
logRMM_olryproj_20deg_m2_1pls_dailyinput_mem30d_lead15
Submitted batch job 8529320
logRMM_olryproj_20deg_m2_1pls_dailyinput_mem30d_lead20
Submitted batch job 8529321
logRMM_olryproj_20deg_m2_1pls_dailyinput_mem30d_lead25
Submitted batch job 8529322
logRMM_olryproj_20deg_m2_1pls_dailyinput_mem30d_lead30
Submitted batch job 8529323
logRMM_olryproj_20deg_m3_1pls_dailyinput_mem1d_lead1
Submitted batch job 8529324
logRMM_olryproj_20deg_m3_1pls_dailyinput_mem1d_lead5
Submitted batch job 8529325
logRMM_olryproj_20deg_m3_1pls_dailyinput_mem1d_lead10
Submitted batch job 8529326
logRMM_olryproj_20deg_m3_1pls_dailyinput_mem1d_lead13
Submitted batch job 8529327
logRMM_olryproj_20deg_m3_1pls_dailyinput_mem1d_lead15
Submitted batch job 8529328
logRMM_olryproj_20deg_m3_1pls_dailyinput_mem1d_lead20
Submitted batch job 8529329
logRMM_olryproj_20deg_m3_1pls_dailyinput_mem1d_lead25
Submitted batch job 8529330
logRMM_olryproj_20deg_m3_1pls_dailyinput_mem1d_lead30
Submitted batch job 8529331
logRMM_olryproj_20deg_m3_1pls_dailyinput_mem30d_lead1
Submitted batch job 8529332
logRMM_olryproj_20deg_m3_1pls_dailyinput_mem30d_lead5
Submitted batch job 8529333
logRMM_olryproj_20deg_m3_1pls_dailyinput_mem30d_lead10
Submitted batch job 8529337
logRMM_olryproj_20deg_m3_1pls_dailyinput_mem30d_lead13
Submitted batch job 8529340
logRMM_olryproj_20deg_m3_1pls_dailyinput_mem30d_lead15
Submitted batch job 8529342
logRMM_olryproj_20deg_m3_1pls_dailyinput_mem30d_lead20
Submitted batch job 8529344
logRMM_olryproj_20deg_m3_1pls_dailyinput_mem30d_lead25
Submitted batch job 8529347
logRMM_olryproj_20deg_m3_1pls_dailyinput_mem30d_lead30
Submitted batch job 8529349
logRMM_olryproj_20deg_m4_1pls_dailyinput_mem1d_lead1
Submitted batch job 8529351
logRMM_olryproj_20deg_m4_1pls_dailyinput_mem1d_lead5
Submitted batch job 8529353
logRMM_olryproj_20deg_m4_1pls_dailyinput_mem1d_lead10
Submitted batch job 8529355
logRMM_olryproj_20deg_m4_1pls_dailyinput_mem1d_lead13
Submitted batch job 8529358
logRMM_olryproj_20deg_m4_1pls_dailyinput_mem1d_lead15
Submitted batch job 8529360
logRMM_olryproj_20deg_m4_1pls_dailyinput_mem1d_lead20
Submitted batch job 8529362
logRMM_olryproj_20deg_m4_1pls_dailyinput_mem1d_lead25
slurmstepd: error: *** JOB 8529287 ON nid002089 CANCELLED AT 2023-05-08T07:10:28 DUE TO TIME LIMIT ***
