
The following have been reloaded with a version change:
  1) cudatoolkit/11.7 => cudatoolkit/11.5

logRMM_olryproj_20deg_m5_odd_dailyinput_mem1d_lead1
Submitted batch job 8349897
logRMM_olryproj_20deg_m5_odd_dailyinput_mem1d_lead5
Submitted batch job 8349898
logRMM_olryproj_20deg_m5_odd_dailyinput_mem1d_lead10
Submitted batch job 8349899
logRMM_olryproj_20deg_m5_odd_dailyinput_mem1d_lead13
Submitted batch job 8349900
logRMM_olryproj_20deg_m5_odd_dailyinput_mem1d_lead15
Submitted batch job 8349902
logRMM_olryproj_20deg_m5_odd_dailyinput_mem1d_lead20
Submitted batch job 8349903
logRMM_olryproj_20deg_m5_odd_dailyinput_mem1d_lead25
Submitted batch job 8349904
logRMM_olryproj_20deg_m5_odd_dailyinput_mem1d_lead30
Submitted batch job 8349905
logRMM_olryproj_20deg_m5_odd_dailyinput_mem30d_lead1
Submitted batch job 8349906
logRMM_olryproj_20deg_m5_odd_dailyinput_mem30d_lead5
Submitted batch job 8349907
logRMM_olryproj_20deg_m5_odd_dailyinput_mem30d_lead10
Submitted batch job 8349908
logRMM_olryproj_20deg_m5_odd_dailyinput_mem30d_lead13
Submitted batch job 8349909
logRMM_olryproj_20deg_m5_odd_dailyinput_mem30d_lead15
Submitted batch job 8349910
logRMM_olryproj_20deg_m5_odd_dailyinput_mem30d_lead20
Submitted batch job 8349911
logRMM_olryproj_20deg_m5_odd_dailyinput_mem30d_lead25
Submitted batch job 8349912
logRMM_olryproj_20deg_m5_odd_dailyinput_mem30d_lead30
Submitted batch job 8349913
logRMM_olryproj_20deg_m5_even_dailyinput_mem1d_lead1
Submitted batch job 8349914
logRMM_olryproj_20deg_m5_even_dailyinput_mem1d_lead5
Submitted batch job 8349915
logRMM_olryproj_20deg_m5_even_dailyinput_mem1d_lead10
Submitted batch job 8349916
logRMM_olryproj_20deg_m5_even_dailyinput_mem1d_lead13
Submitted batch job 8349917
logRMM_olryproj_20deg_m5_even_dailyinput_mem1d_lead15
Submitted batch job 8349918
logRMM_olryproj_20deg_m5_even_dailyinput_mem1d_lead20
Submitted batch job 8349919
logRMM_olryproj_20deg_m5_even_dailyinput_mem1d_lead25
Submitted batch job 8349920
logRMM_olryproj_20deg_m5_even_dailyinput_mem1d_lead30
Submitted batch job 8349921
logRMM_olryproj_20deg_m5_even_dailyinput_mem30d_lead1
Submitted batch job 8349922
logRMM_olryproj_20deg_m5_even_dailyinput_mem30d_lead5
Submitted batch job 8349923
logRMM_olryproj_20deg_m5_even_dailyinput_mem30d_lead10
Submitted batch job 8349924
logRMM_olryproj_20deg_m5_even_dailyinput_mem30d_lead13
Submitted batch job 8349925
logRMM_olryproj_20deg_m5_even_dailyinput_mem30d_lead15
Submitted batch job 8349926
logRMM_olryproj_20deg_m5_even_dailyinput_mem30d_lead20
Submitted batch job 8349927
logRMM_olryproj_20deg_m5_even_dailyinput_mem30d_lead25
Submitted batch job 8349928
logRMM_olryproj_20deg_m5_even_dailyinput_mem30d_lead30
Submitted batch job 8349929
logRMM_olryproj_40deg_m5_odd_dailyinput_mem1d_lead1
Submitted batch job 8349930
logRMM_olryproj_40deg_m5_odd_dailyinput_mem1d_lead5
Submitted batch job 8349931
logRMM_olryproj_40deg_m5_odd_dailyinput_mem1d_lead10
Submitted batch job 8349932
logRMM_olryproj_40deg_m5_odd_dailyinput_mem1d_lead13
Submitted batch job 8349933
logRMM_olryproj_40deg_m5_odd_dailyinput_mem1d_lead15
Submitted batch job 8349934
logRMM_olryproj_40deg_m5_odd_dailyinput_mem1d_lead20
Submitted batch job 8349935
logRMM_olryproj_40deg_m5_odd_dailyinput_mem1d_lead25
Submitted batch job 8349936
logRMM_olryproj_40deg_m5_odd_dailyinput_mem1d_lead30
Submitted batch job 8349937
logRMM_olryproj_40deg_m5_odd_dailyinput_mem30d_lead1
Submitted batch job 8349938
logRMM_olryproj_40deg_m5_odd_dailyinput_mem30d_lead5
Submitted batch job 8349939
logRMM_olryproj_40deg_m5_odd_dailyinput_mem30d_lead10
Submitted batch job 8349940
logRMM_olryproj_40deg_m5_odd_dailyinput_mem30d_lead13
Submitted batch job 8349941
logRMM_olryproj_40deg_m5_odd_dailyinput_mem30d_lead15
Submitted batch job 8349942
logRMM_olryproj_40deg_m5_odd_dailyinput_mem30d_lead20
Submitted batch job 8349943
logRMM_olryproj_40deg_m5_odd_dailyinput_mem30d_lead25
Submitted batch job 8349944
logRMM_olryproj_40deg_m5_odd_dailyinput_mem30d_lead30
Submitted batch job 8349945
logRMM_olryproj_40deg_m5_even_dailyinput_mem1d_lead1
Submitted batch job 8349946
logRMM_olryproj_40deg_m5_even_dailyinput_mem1d_lead5
Submitted batch job 8349947
logRMM_olryproj_40deg_m5_even_dailyinput_mem1d_lead10
Submitted batch job 8349948
logRMM_olryproj_40deg_m5_even_dailyinput_mem1d_lead13
Submitted batch job 8349949
logRMM_olryproj_40deg_m5_even_dailyinput_mem1d_lead15
Submitted batch job 8349950
logRMM_olryproj_40deg_m5_even_dailyinput_mem1d_lead20
Submitted batch job 8349951
logRMM_olryproj_40deg_m5_even_dailyinput_mem1d_lead25
Submitted batch job 8349952
logRMM_olryproj_40deg_m5_even_dailyinput_mem1d_lead30
Submitted batch job 8349953
logRMM_olryproj_40deg_m5_even_dailyinput_mem30d_lead1
Submitted batch job 8349954
logRMM_olryproj_40deg_m5_even_dailyinput_mem30d_lead5
Submitted batch job 8349955
logRMM_olryproj_40deg_m5_even_dailyinput_mem30d_lead10
Submitted batch job 8349956
logRMM_olryproj_40deg_m5_even_dailyinput_mem30d_lead13
Submitted batch job 8349957
logRMM_olryproj_40deg_m5_even_dailyinput_mem30d_lead15
Submitted batch job 8349958
logRMM_olryproj_40deg_m5_even_dailyinput_mem30d_lead20
Submitted batch job 8349959
logRMM_olryproj_40deg_m5_even_dailyinput_mem30d_lead25
Submitted batch job 8349960
logRMM_olryproj_40deg_m5_even_dailyinput_mem30d_lead30
Submitted batch job 8349961
logRMM_olryproj_60deg_m5_odd_dailyinput_mem1d_lead1
Submitted batch job 8349962
logRMM_olryproj_60deg_m5_odd_dailyinput_mem1d_lead5
Submitted batch job 8349963
logRMM_olryproj_60deg_m5_odd_dailyinput_mem1d_lead10
Submitted batch job 8349964
logRMM_olryproj_60deg_m5_odd_dailyinput_mem1d_lead13
Submitted batch job 8349965
logRMM_olryproj_60deg_m5_odd_dailyinput_mem1d_lead15
Submitted batch job 8349966
logRMM_olryproj_60deg_m5_odd_dailyinput_mem1d_lead20
Submitted batch job 8349967
logRMM_olryproj_60deg_m5_odd_dailyinput_mem1d_lead25
Submitted batch job 8349968
logRMM_olryproj_60deg_m5_odd_dailyinput_mem1d_lead30
Submitted batch job 8349969
logRMM_olryproj_60deg_m5_odd_dailyinput_mem30d_lead1
Submitted batch job 8349970
logRMM_olryproj_60deg_m5_odd_dailyinput_mem30d_lead5
Submitted batch job 8349971
logRMM_olryproj_60deg_m5_odd_dailyinput_mem30d_lead10
Submitted batch job 8349972
logRMM_olryproj_60deg_m5_odd_dailyinput_mem30d_lead13
Submitted batch job 8349973
logRMM_olryproj_60deg_m5_odd_dailyinput_mem30d_lead15
Submitted batch job 8349974
logRMM_olryproj_60deg_m5_odd_dailyinput_mem30d_lead20
Submitted batch job 8349975
logRMM_olryproj_60deg_m5_odd_dailyinput_mem30d_lead25
Submitted batch job 8349976
logRMM_olryproj_60deg_m5_odd_dailyinput_mem30d_lead30
Submitted batch job 8349977
logRMM_olryproj_60deg_m5_even_dailyinput_mem1d_lead1
Submitted batch job 8349978
logRMM_olryproj_60deg_m5_even_dailyinput_mem1d_lead5
Submitted batch job 8349979
logRMM_olryproj_60deg_m5_even_dailyinput_mem1d_lead10
Submitted batch job 8349980
logRMM_olryproj_60deg_m5_even_dailyinput_mem1d_lead13
Submitted batch job 8349981
logRMM_olryproj_60deg_m5_even_dailyinput_mem1d_lead15
Submitted batch job 8349982
logRMM_olryproj_60deg_m5_even_dailyinput_mem1d_lead20
Submitted batch job 8349983
logRMM_olryproj_60deg_m5_even_dailyinput_mem1d_lead25
Submitted batch job 8349984
logRMM_olryproj_60deg_m5_even_dailyinput_mem1d_lead30
Submitted batch job 8349985
logRMM_olryproj_60deg_m5_even_dailyinput_mem30d_lead1
Submitted batch job 8349986
logRMM_olryproj_60deg_m5_even_dailyinput_mem30d_lead5
Submitted batch job 8349987
logRMM_olryproj_60deg_m5_even_dailyinput_mem30d_lead10
Submitted batch job 8349988
logRMM_olryproj_60deg_m5_even_dailyinput_mem30d_lead13
Submitted batch job 8349989
logRMM_olryproj_60deg_m5_even_dailyinput_mem30d_lead15
Submitted batch job 8349990
logRMM_olryproj_60deg_m5_even_dailyinput_mem30d_lead20
Submitted batch job 8349991
logRMM_olryproj_60deg_m5_even_dailyinput_mem30d_lead25
Submitted batch job 8349992
logRMM_olryproj_60deg_m5_even_dailyinput_mem30d_lead30
Submitted batch job 8349993
