
The following have been reloaded with a version change:
  1) cudatoolkit/11.7 => cudatoolkit/11.5

logRMM_olryproj_20deg_m5_odd_dailyinput_mem1d_lead1
Submitted batch job 8432542
logRMM_olryproj_20deg_m5_odd_dailyinput_mem1d_lead5
Submitted batch job 8432548
logRMM_olryproj_20deg_m5_odd_dailyinput_mem1d_lead10
Submitted batch job 8432550
logRMM_olryproj_20deg_m5_odd_dailyinput_mem1d_lead13
Submitted batch job 8432553
logRMM_olryproj_20deg_m5_odd_dailyinput_mem1d_lead15
Submitted batch job 8432555
logRMM_olryproj_20deg_m5_odd_dailyinput_mem1d_lead20
Submitted batch job 8432557
logRMM_olryproj_20deg_m5_odd_dailyinput_mem1d_lead25
Submitted batch job 8432559
logRMM_olryproj_20deg_m5_odd_dailyinput_mem1d_lead30
Submitted batch job 8432561
logRMM_olryproj_20deg_m5_odd_dailyinput_mem30d_lead1
Submitted batch job 8432563
logRMM_olryproj_20deg_m5_odd_dailyinput_mem30d_lead5
Submitted batch job 8432565
logRMM_olryproj_20deg_m5_odd_dailyinput_mem30d_lead10
Submitted batch job 8432566
logRMM_olryproj_20deg_m5_odd_dailyinput_mem30d_lead13
Submitted batch job 8432568
logRMM_olryproj_20deg_m5_odd_dailyinput_mem30d_lead15
Submitted batch job 8432570
logRMM_olryproj_20deg_m5_odd_dailyinput_mem30d_lead20
Submitted batch job 8432572
logRMM_olryproj_20deg_m5_odd_dailyinput_mem30d_lead25
Submitted batch job 8432574
logRMM_olryproj_20deg_m5_odd_dailyinput_mem30d_lead30
Submitted batch job 8432576
logRMM_olryproj_20deg_m5_even_dailyinput_mem1d_lead1
Submitted batch job 8432579
logRMM_olryproj_20deg_m5_even_dailyinput_mem1d_lead5
Submitted batch job 8432584
logRMM_olryproj_20deg_m5_even_dailyinput_mem1d_lead10
Submitted batch job 8432588
logRMM_olryproj_20deg_m5_even_dailyinput_mem1d_lead13
Submitted batch job 8432592
logRMM_olryproj_20deg_m5_even_dailyinput_mem1d_lead15
Submitted batch job 8432594
logRMM_olryproj_20deg_m5_even_dailyinput_mem1d_lead20
Submitted batch job 8432597
logRMM_olryproj_20deg_m5_even_dailyinput_mem1d_lead25
Submitted batch job 8432608
logRMM_olryproj_20deg_m5_even_dailyinput_mem1d_lead30
Submitted batch job 8432610
logRMM_olryproj_20deg_m5_even_dailyinput_mem30d_lead1
Submitted batch job 8432612
logRMM_olryproj_20deg_m5_even_dailyinput_mem30d_lead5
Submitted batch job 8432614
logRMM_olryproj_20deg_m5_even_dailyinput_mem30d_lead10
Submitted batch job 8432616
logRMM_olryproj_20deg_m5_even_dailyinput_mem30d_lead13
Submitted batch job 8432618
logRMM_olryproj_20deg_m5_even_dailyinput_mem30d_lead15
Submitted batch job 8432620
logRMM_olryproj_20deg_m5_even_dailyinput_mem30d_lead20
Submitted batch job 8432622
logRMM_olryproj_20deg_m5_even_dailyinput_mem30d_lead25
Submitted batch job 8432624
logRMM_olryproj_20deg_m5_even_dailyinput_mem30d_lead30
Submitted batch job 8432626
logRMM_olryproj_40deg_m5_odd_dailyinput_mem1d_lead1
Submitted batch job 8432627
logRMM_olryproj_40deg_m5_odd_dailyinput_mem1d_lead5
Submitted batch job 8432628
logRMM_olryproj_40deg_m5_odd_dailyinput_mem1d_lead10
Submitted batch job 8432630
logRMM_olryproj_40deg_m5_odd_dailyinput_mem1d_lead13
Submitted batch job 8432633
logRMM_olryproj_40deg_m5_odd_dailyinput_mem1d_lead15
Submitted batch job 8432635
logRMM_olryproj_40deg_m5_odd_dailyinput_mem1d_lead20
Submitted batch job 8432636
logRMM_olryproj_40deg_m5_odd_dailyinput_mem1d_lead25
slurmstepd: error: *** JOB 8432391 ON nid002528 CANCELLED AT 2023-05-04T04:28:46 DUE TO TIME LIMIT ***
Submitted batch job 8432640
