
The following have been reloaded with a version change:
  1) cudatoolkit/11.7 => cudatoolkit/11.5

logRMM_1mapyproj_20deg_5mode_dailyinput_mem1d_1901_lead1
Submitted batch job 8432678
logRMM_1mapyproj_20deg_5mode_dailyinput_mem1d_1901_lead5
Submitted batch job 8432681
logRMM_1mapyproj_20deg_5mode_dailyinput_mem1d_1901_lead10
Submitted batch job 8432682
logRMM_1mapyproj_20deg_5mode_dailyinput_mem1d_1901_lead13
Submitted batch job 8432683
logRMM_1mapyproj_20deg_5mode_dailyinput_mem1d_1901_lead15
Submitted batch job 8432684
logRMM_1mapyproj_20deg_5mode_dailyinput_mem1d_1901_lead20
Submitted batch job 8432685
logRMM_1mapyproj_20deg_5mode_dailyinput_mem30d_1901_lead1
Submitted batch job 8432686
logRMM_1mapyproj_20deg_5mode_dailyinput_mem30d_1901_lead5
Submitted batch job 8432687
logRMM_1mapyproj_20deg_5mode_dailyinput_mem30d_1901_lead10
Submitted batch job 8432688
logRMM_1mapyproj_20deg_5mode_dailyinput_mem30d_1901_lead13
Submitted batch job 8432690
logRMM_1mapyproj_20deg_5mode_dailyinput_mem30d_1901_lead15
Submitted batch job 8432691
logRMM_1mapyproj_20deg_5mode_dailyinput_mem30d_1901_lead20
Submitted batch job 8432692
logRMM_1mapyproj_20deg_5mode_dailyinput_mem1d_1959_lead1
Submitted batch job 8432693
logRMM_1mapyproj_20deg_5mode_dailyinput_mem1d_1959_lead5
Submitted batch job 8432694
logRMM_1mapyproj_20deg_5mode_dailyinput_mem1d_1959_lead10
Submitted batch job 8432695
logRMM_1mapyproj_20deg_5mode_dailyinput_mem1d_1959_lead13
Submitted batch job 8432696
logRMM_1mapyproj_20deg_5mode_dailyinput_mem1d_1959_lead15
Submitted batch job 8432697
logRMM_1mapyproj_20deg_5mode_dailyinput_mem1d_1959_lead20
Submitted batch job 8432698
logRMM_1mapyproj_20deg_5mode_dailyinput_mem30d_1959_lead1
Submitted batch job 8432699
logRMM_1mapyproj_20deg_5mode_dailyinput_mem30d_1959_lead5
Submitted batch job 8432700
logRMM_1mapyproj_20deg_5mode_dailyinput_mem30d_1959_lead10
Submitted batch job 8432701
logRMM_1mapyproj_20deg_5mode_dailyinput_mem30d_1959_lead13
Submitted batch job 8432702
logRMM_1mapyproj_20deg_5mode_dailyinput_mem30d_1959_lead15
Submitted batch job 8432703
logRMM_1mapyproj_20deg_5mode_dailyinput_mem30d_1959_lead20
Submitted batch job 8432704
logRMM_1mapyproj_20deg_5mode_dailyinput_mem1d_1979_lead1
Submitted batch job 8432705
logRMM_1mapyproj_20deg_5mode_dailyinput_mem1d_1979_lead5
Submitted batch job 8432706
logRMM_1mapyproj_20deg_5mode_dailyinput_mem1d_1979_lead10
Submitted batch job 8432707
logRMM_1mapyproj_20deg_5mode_dailyinput_mem1d_1979_lead13
Submitted batch job 8432708
logRMM_1mapyproj_20deg_5mode_dailyinput_mem1d_1979_lead15
Submitted batch job 8432710
logRMM_1mapyproj_20deg_5mode_dailyinput_mem1d_1979_lead20
Submitted batch job 8432711
logRMM_1mapyproj_20deg_5mode_dailyinput_mem30d_1979_lead1
Submitted batch job 8432714
logRMM_1mapyproj_20deg_5mode_dailyinput_mem30d_1979_lead5
Submitted batch job 8432719
logRMM_1mapyproj_20deg_5mode_dailyinput_mem30d_1979_lead10
Submitted batch job 8432720
logRMM_1mapyproj_20deg_5mode_dailyinput_mem30d_1979_lead13
Submitted batch job 8432721
logRMM_1mapyproj_20deg_5mode_dailyinput_mem30d_1979_lead15
Submitted batch job 8432723
logRMM_1mapyproj_20deg_5mode_dailyinput_mem30d_1979_lead20
Submitted batch job 8432725
logRMM_1mapyproj_20deg_5mode_dailyinput_mem1d_1989_lead1
Submitted batch job 8432730
logRMM_1mapyproj_20deg_5mode_dailyinput_mem1d_1989_lead5
Submitted batch job 8432732
logRMM_1mapyproj_20deg_5mode_dailyinput_mem1d_1989_lead10
Submitted batch job 8432736
logRMM_1mapyproj_20deg_5mode_dailyinput_mem1d_1989_lead13
Submitted batch job 8432738
logRMM_1mapyproj_20deg_5mode_dailyinput_mem1d_1989_lead15
Submitted batch job 8432752
logRMM_1mapyproj_20deg_5mode_dailyinput_mem1d_1989_lead20
Submitted batch job 8432755
logRMM_1mapyproj_20deg_5mode_dailyinput_mem30d_1989_lead1
Submitted batch job 8432756
logRMM_1mapyproj_20deg_5mode_dailyinput_mem30d_1989_lead5
Submitted batch job 8432757
logRMM_1mapyproj_20deg_5mode_dailyinput_mem30d_1989_lead10
Submitted batch job 8432758
logRMM_1mapyproj_20deg_5mode_dailyinput_mem30d_1989_lead13
Submitted batch job 8432759
logRMM_1mapyproj_20deg_5mode_dailyinput_mem30d_1989_lead15
Submitted batch job 8432763
logRMM_1mapyproj_20deg_5mode_dailyinput_mem30d_1989_lead20
Submitted batch job 8432765
logRMM_1mapyproj_20deg_5mode_dailyinput_mem1d_1999_lead1
Submitted batch job 8432766
logRMM_1mapyproj_20deg_5mode_dailyinput_mem1d_1999_lead5
Submitted batch job 8432767
logRMM_1mapyproj_20deg_5mode_dailyinput_mem1d_1999_lead10
Submitted batch job 8432769
logRMM_1mapyproj_20deg_5mode_dailyinput_mem1d_1999_lead13
Submitted batch job 8432775
logRMM_1mapyproj_20deg_5mode_dailyinput_mem1d_1999_lead15
Submitted batch job 8432780
logRMM_1mapyproj_20deg_5mode_dailyinput_mem1d_1999_lead20
Submitted batch job 8432782
logRMM_1mapyproj_20deg_5mode_dailyinput_mem30d_1999_lead1
Submitted batch job 8432783
logRMM_1mapyproj_20deg_5mode_dailyinput_mem30d_1999_lead5
Submitted batch job 8432784
logRMM_1mapyproj_20deg_5mode_dailyinput_mem30d_1999_lead10
Submitted batch job 8432786
logRMM_1mapyproj_20deg_5mode_dailyinput_mem30d_1999_lead13
Submitted batch job 8432788
logRMM_1mapyproj_20deg_5mode_dailyinput_mem30d_1999_lead15
Submitted batch job 8432789
logRMM_1mapyproj_20deg_5mode_dailyinput_mem30d_1999_lead20
Submitted batch job 8432790
logRMM_1mapyproj_20deg_5mode_dailyinput_mem1d_2009_lead1
Submitted batch job 8432792
logRMM_1mapyproj_20deg_5mode_dailyinput_mem1d_2009_lead5
Submitted batch job 8432794
logRMM_1mapyproj_20deg_5mode_dailyinput_mem1d_2009_lead10
Submitted batch job 8432795
logRMM_1mapyproj_20deg_5mode_dailyinput_mem1d_2009_lead13
Submitted batch job 8432796
logRMM_1mapyproj_20deg_5mode_dailyinput_mem1d_2009_lead15
Submitted batch job 8432797
logRMM_1mapyproj_20deg_5mode_dailyinput_mem1d_2009_lead20
Submitted batch job 8432798
logRMM_1mapyproj_20deg_5mode_dailyinput_mem30d_2009_lead1
Submitted batch job 8432799
logRMM_1mapyproj_20deg_5mode_dailyinput_mem30d_2009_lead5
Submitted batch job 8432800
logRMM_1mapyproj_20deg_5mode_dailyinput_mem30d_2009_lead10
Submitted batch job 8432802
logRMM_1mapyproj_20deg_5mode_dailyinput_mem30d_2009_lead13
Submitted batch job 8432804
logRMM_1mapyproj_20deg_5mode_dailyinput_mem30d_2009_lead15
Submitted batch job 8432805
logRMM_1mapyproj_20deg_5mode_dailyinput_mem30d_2009_lead20
slurmstepd: error: *** JOB 8432418 ON nid003829 CANCELLED AT 2023-05-04T04:32:34 DUE TO TIME LIMIT ***
