no change     /global/common/software/nersc/pm-2022q3/sw/python/3.9-anaconda-2021.11/condabin/conda
no change     /global/common/software/nersc/pm-2022q3/sw/python/3.9-anaconda-2021.11/bin/conda
no change     /global/common/software/nersc/pm-2022q3/sw/python/3.9-anaconda-2021.11/bin/conda-env
no change     /global/common/software/nersc/pm-2022q3/sw/python/3.9-anaconda-2021.11/bin/activate
no change     /global/common/software/nersc/pm-2022q3/sw/python/3.9-anaconda-2021.11/bin/deactivate
no change     /global/common/software/nersc/pm-2022q3/sw/python/3.9-anaconda-2021.11/etc/profile.d/conda.sh
no change     /global/common/software/nersc/pm-2022q3/sw/python/3.9-anaconda-2021.11/etc/fish/conf.d/conda.fish
no change     /global/common/software/nersc/pm-2022q3/sw/python/3.9-anaconda-2021.11/shell/condabin/Conda.psm1
no change     /global/common/software/nersc/pm-2022q3/sw/python/3.9-anaconda-2021.11/shell/condabin/conda-hook.ps1
no change     /global/common/software/nersc/pm-2022q3/sw/python/3.9-anaconda-2021.11/lib/python3.9/site-packages/xontrib/conda.xsh
no change     /global/common/software/nersc/pm-2022q3/sw/python/3.9-anaconda-2021.11/etc/profile.d/conda.csh
no change     /global/homes/l/linyaoly/.bashrc
No action taken.

CommandNotFoundError: Your shell has not been properly configured to use 'conda activate'.
To initialize your shell, run

    $ conda init <SHELL_NAME>

Currently supported shells are:
  - bash
  - fish
  - tcsh
  - xonsh
  - zsh
  - powershell

See 'conda init --help' for more information and options.

IMPORTANT: You may need to close and restart your shell after running 'conda init'.


Traceback (most recent call last):
  File "/global/u1/l/linyaoly/ERA5/reanalysis/OMIcal/getOMI.py", line 4, in <module>
    import mjoindices.olr_handling as olr
ModuleNotFoundError: No module named 'mjoindices'
