
The following have been reloaded with a version change:
  1) cudatoolkit/11.7 => cudatoolkit/11.5

logRMM_MCDO_preptrop_dailyinput_mem1d_lead1
Submitted batch job 3813868
logRMM_MCDO_q200trop_dailyinput_mem1d_lead1
Submitted batch job 3813869
logRMM_MCDO_q500trop_dailyinput_mem1d_lead1
Submitted batch job 3813870
logRMM_MCDO_q850trop_dailyinput_mem1d_lead1
Submitted batch job 3813871
logRMM_MCDO_T500trop_dailyinput_mem1d_lead1
Submitted batch job 3813872
logRMM_MCDO_T850trop_dailyinput_mem1d_lead1
Submitted batch job 3813873
logRMM_MCDO_Z200trop_dailyinput_mem1d_lead1
Submitted batch job 3813874
logRMM_MCDO_Z500trop_dailyinput_mem1d_lead1
Submitted batch job 3813875
logRMM_MCDO_Z850trop_dailyinput_mem1d_lead1
Submitted batch job 3813876
logRMM_MCDO_v500trop_dailyinput_mem1d_lead1
Submitted batch job 3813877
logRMM_MCDO_v850trop_dailyinput_mem1d_lead1
Submitted batch job 3813878
logRMM_MCDO_u500trop_dailyinput_mem1d_lead1
Submitted batch job 3813879
logRMM_MCDO_ssttrop_dailyinput_mem1d_lead1
Submitted batch job 3813880
logRMM_MCDO_preptrop_dailyinput_mem1d_lead5
Submitted batch job 3813881
logRMM_MCDO_q200trop_dailyinput_mem1d_lead5
Submitted batch job 3813882
logRMM_MCDO_q500trop_dailyinput_mem1d_lead5
Submitted batch job 3813883
logRMM_MCDO_q850trop_dailyinput_mem1d_lead5
Submitted batch job 3813884
logRMM_MCDO_T500trop_dailyinput_mem1d_lead5
Submitted batch job 3813885
logRMM_MCDO_T850trop_dailyinput_mem1d_lead5
Submitted batch job 3813886
logRMM_MCDO_Z200trop_dailyinput_mem1d_lead5
Submitted batch job 3813887
logRMM_MCDO_Z500trop_dailyinput_mem1d_lead5
Submitted batch job 3813888
logRMM_MCDO_Z850trop_dailyinput_mem1d_lead5
Submitted batch job 3813889
logRMM_MCDO_v500trop_dailyinput_mem1d_lead5
Submitted batch job 3813890
logRMM_MCDO_v850trop_dailyinput_mem1d_lead5
Submitted batch job 3813891
logRMM_MCDO_u500trop_dailyinput_mem1d_lead5
Submitted batch job 3813892
logRMM_MCDO_ssttrop_dailyinput_mem1d_lead5
Submitted batch job 3813893
logRMM_MCDO_preptrop_dailyinput_mem1d_lead10
Submitted batch job 3813894
logRMM_MCDO_q200trop_dailyinput_mem1d_lead10
Submitted batch job 3813895
logRMM_MCDO_q500trop_dailyinput_mem1d_lead10
Submitted batch job 3813896
logRMM_MCDO_q850trop_dailyinput_mem1d_lead10
Submitted batch job 3813897
logRMM_MCDO_T500trop_dailyinput_mem1d_lead10
Submitted batch job 3813898
logRMM_MCDO_T850trop_dailyinput_mem1d_lead10
Submitted batch job 3813899
logRMM_MCDO_Z200trop_dailyinput_mem1d_lead10
Submitted batch job 3813900
logRMM_MCDO_Z500trop_dailyinput_mem1d_lead10
Submitted batch job 3813901
logRMM_MCDO_Z850trop_dailyinput_mem1d_lead10
Submitted batch job 3813902
logRMM_MCDO_v500trop_dailyinput_mem1d_lead10
Submitted batch job 3813903
logRMM_MCDO_v850trop_dailyinput_mem1d_lead10
Submitted batch job 3813904
logRMM_MCDO_u500trop_dailyinput_mem1d_lead10
Submitted batch job 3813905
logRMM_MCDO_ssttrop_dailyinput_mem1d_lead10
Submitted batch job 3813906
logRMM_MCDO_preptrop_dailyinput_mem1d_lead13
Submitted batch job 3813907
logRMM_MCDO_q200trop_dailyinput_mem1d_lead13
Submitted batch job 3813908
logRMM_MCDO_q500trop_dailyinput_mem1d_lead13
Submitted batch job 3813909
logRMM_MCDO_q850trop_dailyinput_mem1d_lead13
Submitted batch job 3813910
logRMM_MCDO_T500trop_dailyinput_mem1d_lead13
Submitted batch job 3813911
logRMM_MCDO_T850trop_dailyinput_mem1d_lead13
Submitted batch job 3813912
logRMM_MCDO_Z200trop_dailyinput_mem1d_lead13
Submitted batch job 3813913
logRMM_MCDO_Z500trop_dailyinput_mem1d_lead13
Submitted batch job 3813914
logRMM_MCDO_Z850trop_dailyinput_mem1d_lead13
Submitted batch job 3813915
logRMM_MCDO_v500trop_dailyinput_mem1d_lead13
Submitted batch job 3813916
logRMM_MCDO_v850trop_dailyinput_mem1d_lead13
Submitted batch job 3813917
logRMM_MCDO_u500trop_dailyinput_mem1d_lead13
Submitted batch job 3813918
logRMM_MCDO_ssttrop_dailyinput_mem1d_lead13
Submitted batch job 3813919
logRMM_MCDO_preptrop_dailyinput_mem1d_lead15
Submitted batch job 3813920
logRMM_MCDO_q200trop_dailyinput_mem1d_lead15
Submitted batch job 3813921
logRMM_MCDO_q500trop_dailyinput_mem1d_lead15
Submitted batch job 3813922
logRMM_MCDO_q850trop_dailyinput_mem1d_lead15
Submitted batch job 3813923
logRMM_MCDO_T500trop_dailyinput_mem1d_lead15
Submitted batch job 3813924
logRMM_MCDO_T850trop_dailyinput_mem1d_lead15
Submitted batch job 3813925
logRMM_MCDO_Z200trop_dailyinput_mem1d_lead15
Submitted batch job 3813926
logRMM_MCDO_Z500trop_dailyinput_mem1d_lead15
Submitted batch job 3813927
logRMM_MCDO_Z850trop_dailyinput_mem1d_lead15
Submitted batch job 3813928
logRMM_MCDO_v500trop_dailyinput_mem1d_lead15
Submitted batch job 3813929
logRMM_MCDO_v850trop_dailyinput_mem1d_lead15
Submitted batch job 3813930
logRMM_MCDO_u500trop_dailyinput_mem1d_lead15
Submitted batch job 3813931
logRMM_MCDO_ssttrop_dailyinput_mem1d_lead15
Submitted batch job 3813932
logRMM_MCDO_preptrop_dailyinput_mem1d_lead20
Submitted batch job 3813933
logRMM_MCDO_q200trop_dailyinput_mem1d_lead20
Submitted batch job 3813934
logRMM_MCDO_q500trop_dailyinput_mem1d_lead20
Submitted batch job 3813935
logRMM_MCDO_q850trop_dailyinput_mem1d_lead20
Submitted batch job 3813936
logRMM_MCDO_T500trop_dailyinput_mem1d_lead20
Submitted batch job 3813937
logRMM_MCDO_T850trop_dailyinput_mem1d_lead20
Submitted batch job 3813938
logRMM_MCDO_Z200trop_dailyinput_mem1d_lead20
Submitted batch job 3813939
logRMM_MCDO_Z500trop_dailyinput_mem1d_lead20
Submitted batch job 3813940
logRMM_MCDO_Z850trop_dailyinput_mem1d_lead20
Submitted batch job 3813941
logRMM_MCDO_v500trop_dailyinput_mem1d_lead20
Submitted batch job 3813942
logRMM_MCDO_v850trop_dailyinput_mem1d_lead20
Submitted batch job 3813943
logRMM_MCDO_u500trop_dailyinput_mem1d_lead20
Submitted batch job 3813944
logRMM_MCDO_ssttrop_dailyinput_mem1d_lead20
Submitted batch job 3813945
logRMM_MCDO_preptrop_dailyinput_mem1d_lead25
Submitted batch job 3813946
logRMM_MCDO_q200trop_dailyinput_mem1d_lead25
Submitted batch job 3813947
logRMM_MCDO_q500trop_dailyinput_mem1d_lead25
Submitted batch job 3813948
logRMM_MCDO_q850trop_dailyinput_mem1d_lead25
Submitted batch job 3813949
logRMM_MCDO_T500trop_dailyinput_mem1d_lead25
Submitted batch job 3813950
logRMM_MCDO_T850trop_dailyinput_mem1d_lead25
Submitted batch job 3813951
logRMM_MCDO_Z200trop_dailyinput_mem1d_lead25
Submitted batch job 3813952
logRMM_MCDO_Z500trop_dailyinput_mem1d_lead25
Submitted batch job 3813953
logRMM_MCDO_Z850trop_dailyinput_mem1d_lead25
Submitted batch job 3813954
logRMM_MCDO_v500trop_dailyinput_mem1d_lead25
Submitted batch job 3813955
logRMM_MCDO_v850trop_dailyinput_mem1d_lead25
Submitted batch job 3813956
logRMM_MCDO_u500trop_dailyinput_mem1d_lead25
Submitted batch job 3813957
logRMM_MCDO_ssttrop_dailyinput_mem1d_lead25
Submitted batch job 3813958
logRMM_MCDO_preptrop_dailyinput_mem1d_lead30
Submitted batch job 3813959
logRMM_MCDO_q200trop_dailyinput_mem1d_lead30
Submitted batch job 3813960
logRMM_MCDO_q500trop_dailyinput_mem1d_lead30
Submitted batch job 3813961
logRMM_MCDO_q850trop_dailyinput_mem1d_lead30
Submitted batch job 3813962
logRMM_MCDO_T500trop_dailyinput_mem1d_lead30
Submitted batch job 3813963
logRMM_MCDO_T850trop_dailyinput_mem1d_lead30
Submitted batch job 3813964
logRMM_MCDO_Z200trop_dailyinput_mem1d_lead30
Submitted batch job 3813965
logRMM_MCDO_Z500trop_dailyinput_mem1d_lead30
Submitted batch job 3813966
logRMM_MCDO_Z850trop_dailyinput_mem1d_lead30
Submitted batch job 3813967
logRMM_MCDO_v500trop_dailyinput_mem1d_lead30
Submitted batch job 3813968
logRMM_MCDO_v850trop_dailyinput_mem1d_lead30
Submitted batch job 3813969
logRMM_MCDO_u500trop_dailyinput_mem1d_lead30
Submitted batch job 3813970
logRMM_MCDO_ssttrop_dailyinput_mem1d_lead30
Submitted batch job 3813971
