
The following have been reloaded with a version change:
  1) cudatoolkit/11.7 => cudatoolkit/11.5

logRMM_MCDO_tcwvtrop_dailyinput_mem1d_lead1
Submitted batch job 3805321
logRMM_MCDO_v200trop_dailyinput_mem1d_lead1
Submitted batch job 3805322
logRMM_MCDO_T200trop_dailyinput_mem1d_lead1
Submitted batch job 3805323
logRMM_MCDO_ssttrop_dailyinput_mem1d_lead1
Submitted batch job 3805324
logRMM_MCDO_tcwvtrop_dailyinput_mem1d_lead5
Submitted batch job 3805325
logRMM_MCDO_v200trop_dailyinput_mem1d_lead5
Submitted batch job 3805326
logRMM_MCDO_T200trop_dailyinput_mem1d_lead5
Submitted batch job 3805327
logRMM_MCDO_ssttrop_dailyinput_mem1d_lead5
Submitted batch job 3805328
logRMM_MCDO_tcwvtrop_dailyinput_mem1d_lead10
Submitted batch job 3805329
logRMM_MCDO_v200trop_dailyinput_mem1d_lead10
Submitted batch job 3805330
logRMM_MCDO_T200trop_dailyinput_mem1d_lead10
Submitted batch job 3805331
logRMM_MCDO_ssttrop_dailyinput_mem1d_lead10
Submitted batch job 3805332
logRMM_MCDO_tcwvtrop_dailyinput_mem1d_lead13
Submitted batch job 3805333
logRMM_MCDO_v200trop_dailyinput_mem1d_lead13
Submitted batch job 3805334
logRMM_MCDO_T200trop_dailyinput_mem1d_lead13
Submitted batch job 3805335
logRMM_MCDO_ssttrop_dailyinput_mem1d_lead13
Submitted batch job 3805336
logRMM_MCDO_tcwvtrop_dailyinput_mem1d_lead15
Submitted batch job 3805337
logRMM_MCDO_v200trop_dailyinput_mem1d_lead15
Submitted batch job 3805338
logRMM_MCDO_T200trop_dailyinput_mem1d_lead15
Submitted batch job 3805339
logRMM_MCDO_ssttrop_dailyinput_mem1d_lead15
Submitted batch job 3805340
logRMM_MCDO_tcwvtrop_dailyinput_mem1d_lead20
Submitted batch job 3805341
logRMM_MCDO_v200trop_dailyinput_mem1d_lead20
Submitted batch job 3805342
logRMM_MCDO_T200trop_dailyinput_mem1d_lead20
Submitted batch job 3805343
logRMM_MCDO_ssttrop_dailyinput_mem1d_lead20
Submitted batch job 3805344
logRMM_MCDO_tcwvtrop_dailyinput_mem1d_lead25
Submitted batch job 3805345
logRMM_MCDO_v200trop_dailyinput_mem1d_lead25
Submitted batch job 3805346
logRMM_MCDO_T200trop_dailyinput_mem1d_lead25
Submitted batch job 3805347
logRMM_MCDO_ssttrop_dailyinput_mem1d_lead25
Submitted batch job 3805348
logRMM_MCDO_tcwvtrop_dailyinput_mem1d_lead30
Submitted batch job 3805349
logRMM_MCDO_v200trop_dailyinput_mem1d_lead30
Submitted batch job 3805350
logRMM_MCDO_T200trop_dailyinput_mem1d_lead30
Submitted batch job 3805351
logRMM_MCDO_ssttrop_dailyinput_mem1d_lead30
Submitted batch job 3805352
